<?xml version="1.0" encoding="UTF-8"?>
<!-- Generated by org.testng.reporters.JUnitXMLReporter -->
<testsuite ignored="0" hostname="DESKTOP-JAS0CHU" failures="0" tests="2" name="Default test" time="19.541" errors="0" timestamp="2025-03-16T12:09:27 IST">
  <testcase classname="TestCase.MakeMyTripFlightSearchTestcase" name="ValidateFigltSearchwithValidvalues" time="11.66"/>
  <testcase classname="TestCase.MakeMyTripFlightSearchTestcase" name="ValidateFigltSearchwithinValidvalues" time="2.209"/>
</testsuite> <!-- Default test -->
