<?xml version="1.0" encoding="UTF-8"?>
<!-- Generated by org.testng.reporters.JUnitXMLReporter -->
<testsuite ignored="0" hostname="DESKTOP-JAS0CHU" failures="0" tests="3" name="Test2" time="0.009" errors="0" timestamp="2025-02-23T12:24:36 IST">
  <testcase classname="TestNGconcepts.TestNGBasics" name="Testcase" time="0.001"/>
  <testcase classname="TestNGconcepts.TestNGBasics" name="Testcase2" time="0.001"/>
  <testcase classname="TestNGconcepts.TestNGBasics2" name="Testcase" time="0.001"/>
</testsuite> <!-- Test2 -->
