<?xml version="1.0" encoding="UTF-8"?>
<!-- Generated by org.testng.reporters.JUnitXMLReporter -->
<testsuite ignored="0" hostname="DESKTOP-JAS0CHU" failures="0" tests="3" name="Test" time="22.554" errors="0" timestamp="2025-03-16T12:25:11 IST">
  <testcase classname="TestCase.MakeMyTripFlightSearchTestcase" name="ValidateFigltSearchwithValidvalues" time="11.815"/>
  <testcase classname="TestCase.MakeMyTripFlightSearchTestcase" name="ValidateFigltSearchwithinValidvalues" time="2.048"/>
  <testcase classname="TestCase.MakeMyTripHoteltSearchTestcase" name="ValidateHotelSearchwithValidvalues" time="0.081"/>
</testsuite> <!-- Test -->
