<?xml version="1.0" encoding="UTF-8"?>
<!-- Generated by org.testng.reporters.JUnitXMLReporter -->
<testsuite ignored="0" hostname="DESKTOP-JAS0CHU" failures="0" tests="8" name="Test" time="36.109" errors="0" timestamp="2025-03-22T12:07:31 IST">
  <testcase classname="TestCase.MakeMyTripFlightSearchTestcase" name="ValidateFigltSearchwithValidvalues" time="10.651"/>
  <testcase classname="TestCase.MakeMyTripFlightSearchTestcase" name="ValidateFigltSearchwithValidvalues" time="10.263"/>
  <testcase classname="TestCase.MakeMyTripFlightSearchTestcase" name="ValidateFigltSearchwithinValidvalues" time="1.033"/>
  <testcase classname="TestCase.MakeMyTripFlightSearchTestcase" name="ValidateFigltSearchwithinValidvalues" time="0.722"/>
  <testcase classname="TestCase.MakeMyTripFlightSearchTestcase" name="ValidateFigltSearchwithinValidvalues" time="0.639"/>
  <testcase classname="TestCase.MakeMyTripHoteltSearchTestcase" name="ValidateHotelSearchwithValidvalues" time="0.061"/>
  <testcase classname="TestCase.MakeMyTripHoteltSearchTestcase" name="ValidateFigltSearchwithinValidvalues" time="0.91"/>
  <testcase classname="TestCase.MakeMyTripHoteltSearchTestcase" name="ValidateFigltSearchwithinValidvalues" time="0.774"/>
</testsuite> <!-- Test -->
