<?xml version="1.0" encoding="UTF-8"?>
<!-- Generated by org.testng.reporters.JUnitXMLReporter -->
<testsuite ignored="0" hostname="DESKTOP-JAS0CHU" failures="0" tests="8" name="Test" time="35.333" errors="0" timestamp="2025-03-22T12:20:57 IST">
  <testcase classname="TestCase.MakeMyTripFlightSearchTestcase" name="ValidateFigltSearchwithValidvalues" time="10.281"/>
  <testcase classname="TestCase.MakeMyTripFlightSearchTestcase" name="ValidateFigltSearchwithValidvalues" time="9.686"/>
  <testcase classname="TestCase.MakeMyTripFlightSearchTestcase" name="ValidateFigltSearchwithinValidvalues" time="1.24"/>
  <testcase classname="TestCase.MakeMyTripFlightSearchTestcase" name="ValidateFigltSearchwithinValidvalues" time="0.73"/>
  <testcase classname="TestCase.MakeMyTripFlightSearchTestcase" name="ValidateFigltSearchwithinValidvalues" time="0.476"/>
  <testcase classname="TestCase.MakeMyTripHoteltSearchTestcase" name="ValidateHotelSearchwithValidvalues" time="0.059"/>
  <testcase classname="TestCase.MakeMyTripHoteltSearchTestcase" name="ValidateFigltSearchwithinValidvalues" time="0.866"/>
  <testcase classname="TestCase.MakeMyTripHoteltSearchTestcase" name="ValidateFigltSearchwithinValidvalues" time="0.6"/>
</testsuite> <!-- Test -->
