<?xml version="1.0" encoding="UTF-8"?>
<testsuite xmlns:xsi="http://www.w3.org/2001/XMLSchema-instance" xsi:noNamespaceSchemaLocation="https://maven.apache.org/surefire/maven-surefire-plugin/xsd/surefire-test-report.xsd" version="3.0.2" name="TestSuite" time="39.446" tests="8" errors="0" skipped="0" failures="0">
  <properties>
[...]
</properties>
  <testcase name="ValidateFigltSearchwithValidvalues[MAA, BLR, 25, sat](1)" classname="TestCase.MakeMyTripFlightSearchTestcase" time="10.283">
    <system-out><![CDATA[2025-03-22T06:50:27.890479800Z main ERROR Log4j2 could not find a logging implementation. Please add log4j-core to the classpath. Using SimpleLogger to log to the console...
BOM
DEL
BKK
BLR
PNQ
HYD
CCU
MAA
BOM
DEL
BKK
BLR
DayPicker-Day DayPicker-Day--outside
DayPicker-Day DayPicker-Day--outside
DayPicker-Day
1
DayPicker-Day
2
DayPicker-Day
3
DayPicker-Day
4
DayPicker-Day
5
DayPicker-Day
6
DayPicker-Day
7
DayPicker-Day
8
DayPicker-Day
9
DayPicker-Day
10
DayPicker-Day
11
DayPicker-Day
12
DayPicker-Day
13
DayPicker-Day
14
DayPicker-Day
15
DayPicker-Day
16
DayPicker-Day
17
DayPicker-Day
18
DayPicker-Day
19
DayPicker-Day
20
DayPicker-Day
21
DayPicker-Day
22
DayPicker-Day
23
DayPicker-Day
24
DayPicker-Day
25
]]></system-out>
    <system-err><![CDATA[SLF4J: Failed to load class "org.slf4j.impl.StaticLoggerBinder".
SLF4J: Defaulting to no-operation (NOP) logger implementation
SLF4J: See http://www.slf4j.org/codes.html#StaticLoggerBinder for further details.
Mar 22, 2025 12:20:21 PM org.openqa.selenium.devtools.CdpVersionFinder findNearestMatch
WARNING: Unable to find an exact match for CDP version 134, returning the closest version; found: 131; Please update to a Selenium version that supports CDP version 134
]]></system-err>
  </testcase>
  <testcase name="ValidateFigltSearchwithValidvalues[BLR, PNQ, 27, fit](2)" classname="TestCase.MakeMyTripFlightSearchTestcase" time="9.688">
    <system-out><![CDATA[MAA
BOM
DEL
BKK
BLR
BLR
BOM
DEL
BKK
BLR
PNQ
DayPicker-Day DayPicker-Day--outside
DayPicker-Day DayPicker-Day--outside
DayPicker-Day DayPicker-Day--outside
DayPicker-Day DayPicker-Day--outside
DayPicker-Day
1
DayPicker-Day
2
DayPicker-Day
3
DayPicker-Day
4
DayPicker-Day
5
DayPicker-Day
6
DayPicker-Day
7
DayPicker-Day
8
DayPicker-Day
9
DayPicker-Day
10
DayPicker-Day
11
DayPicker-Day
12
DayPicker-Day
13
DayPicker-Day
14
DayPicker-Day
15
DayPicker-Day
16
DayPicker-Day
17
DayPicker-Day
18
DayPicker-Day
19
DayPicker-Day
20
DayPicker-Day
21
DayPicker-Day
22
DayPicker-Day
23
DayPicker-Day
24
DayPicker-Day
25
DayPicker-Day
26
DayPicker-Day
27
]]></system-out>
  </testcase>
  <testcase name="ValidateFigltSearchwithinValidvalues[MAA, MAA](1)" classname="TestCase.MakeMyTripFlightSearchTestcase" time="1.24">
    <system-out><![CDATA[BLR
MAA
PNQ
BLR
BOM
DEL
BKK
BLR
PNQ
HYD
CCU
MAA
]]></system-out>
  </testcase>
  <testcase name="ValidateFigltSearchwithinValidvalues[PNQ, PNQ](2)" classname="TestCase.MakeMyTripFlightSearchTestcase" time="0.732">
    <system-out><![CDATA[MAA
BLR
BOM
DEL
BKK
BLR
PNQ
MAA
PNQ
]]></system-out>
  </testcase>
  <testcase name="ValidateFigltSearchwithinValidvalues[BLR, BLR](3)" classname="TestCase.MakeMyTripFlightSearchTestcase" time="0.476">
    <system-out><![CDATA[PNQ
MAA
BLR
PNQ
MAA
BLR
]]></system-out>
  </testcase>
  <testcase name="ValidateHotelSearchwithValidvalues" classname="TestCase.MakeMyTripHoteltSearchTestcase" time="0.059"/>
  <testcase name="ValidateFigltSearchwithinValidvalues[Chennai](1)" classname="TestCase.MakeMyTripHoteltSearchTestcase" time="0.866">
    <system-out><![CDATA[BOM
DEL
BKK
BLR
PNQ
HYD
CCU
MAA
BLR
PNQ
MAA
]]></system-out>
  </testcase>
  <testcase name="ValidateFigltSearchwithinValidvalues[Mumbai](2)" classname="TestCase.MakeMyTripHoteltSearchTestcase" time="0.6">
    <system-out><![CDATA[MAA
MAA
]]></system-out>
  </testcase>
</testsuite>