<?xml version="1.0" encoding="UTF-8"?>
<testng-results ignored="0" total="1" passed="1" failed="0" skipped="0">
  <reporter-output>
  </reporter-output>
  <suite started-at="2025-02-09T12:39:21 IST" name="Default suite" finished-at="2025-02-09T12:39:28 IST" duration-ms="6573">
    <groups>
    </groups>
    <test started-at="2025-02-09T12:39:21 IST" name="Default test" finished-at="2025-02-09T12:39:28 IST" duration-ms="6573">
      <class name="BasicsOfSelenium.ListConcepts">
        <test-method signature="login()[pri:0, instance:BasicsOfSelenium.ListConcepts@43195e57]" started-at="2025-02-09T12:39:21 IST" name="login" finished-at="2025-02-09T12:39:28 IST" duration-ms="6543" status="PASS">
          <reporter-output>
          </reporter-output>
        </test-method> <!-- login -->
      </class> <!-- BasicsOfSelenium.ListConcepts -->
    </test> <!-- Default test -->
  </suite> <!-- Default suite -->
</testng-results>
